build/app/outputs/mapping/release/mapping.txt
# compiler: R8
# compiler_version: 1.5.64
# min_api: 16
# pg_map_id: b2d8bec
...
io.flutter.embedding.engine.dart.PlatformMessageHandler -> io.flutter.embedding.engine.e.c:
    void handleMessageFromDart(java.lang.String,byte[],int) -> a
    void handlePlatformMessageResponse(int,byte[]) -> a
io.flutter.embedding.engine.loader.FlutterLoader -> io.flutter.embedding.engine.f.a:
    java.lang.String PUBLIC_AOT_SHARED_LIBRARY_NAME -> g
    java.lang.String PUBLIC_ISOLATE_SNAPSHOT_DATA_KEY -> i
    io.flutter.embedding.engine.loader.FlutterLoader instance -> k
    java.lang.String PUBLIC_VM_SNAPSHOT_DATA_KEY -> h
    java.lang.String PUBLIC_FLUTTER_ASSETS_DIR_KEY -> j
    long initStartTimestampMillis -> e
    java.lang.String aotSharedLibraryName -> a
    java.util.concurrent.Future initResultFuture -> f
    java.lang.String flutterAssetsDir -> b
    boolean initialized -> c
    io.flutter.embedding.engine.loader.FlutterLoader$Settings settings -> d
    io.flutter.embedding.engine.loader.ResourceExtractor access$000(io.flutter.embedding.engine.loader.FlutterLoader,android.content.Context) -> a
    void ensureInitializationComplete(android.content.Context,java.lang.String[]) -> a
    java.lang.String findAppBundlePath() -> a
    void startInitialization(android.content.Context) -> a
    void startInitialization(android.content.Context,io.flutter.embedding.engine.loader.FlutterLoader$Settings) -> a
    android.content.pm.ApplicationInfo getApplicationInfo(android.content.Context) -> b
    io.flutter.embedding.engine.loader.FlutterLoader getInstance() -> b
    void initConfig(android.content.Context) -> c
    io.flutter.embedding.engine.loader.ResourceExtractor initResources(android.content.Context) -> d
io.flutter.embedding.engine.loader.FlutterLoader$1 -> io.flutter.embedding.engine.f.a$a:
    android.content.Context val$appContext -> a
    io.flutter.embedding.engine.loader.FlutterLoader this$0 -> b
io.flutter.embedding.engine.loader.FlutterLoader$InitResult -> io.flutter.embedding.engine.f.a$b:
    java.lang.String appStoragePath -> a
    java.lang.String engineCachesPath -> b
io.flutter.embedding.engine.loader.FlutterLoader$Settings -> io.flutter.embedding.engine.f.a$c:
    java.lang.String logTag -> a
    java.lang.String getLogTag() -> a
io.flutter.embedding.engine.loader.ResourceExtractor -> io.flutter.embedding.engine.f.b:
    void waitForCompletion() -> a
    java.lang.String[] getSupportedAbis() -> b
io.flutter.embedding.engine.plugins.FlutterPlugin -> io.flutter.embedding.engine.g.a:
    void onDetachedFromEngine(io.flutter.embedding.engine.plugins.FlutterPlugin$FlutterPluginBinding) -> a
io.flutter.embedding.engine.plugins.FlutterPlugin$FlutterAssets -> io.flutter.embedding.engine.g.a$a:
io.flutter.embedding.engine.plugins.FlutterPlugin$FlutterPluginBinding -> io.flutter.embedding.engine.g.a$b:
io.flutter.embedding.engine.plugins.PluginRegistry -> io.flutter.embedding.engine.g.b:
io.flutter.embedding.engine.plugins.activity.ActivityAware -> io.flutter.embedding.engine.g.c.a:
    void onAttachedToActivity(io.flutter.embedding.engine.plugins.activity.ActivityPluginBinding) -> a
    void onDetachedFromActivity() -> a
    void onDetachedFromActivityForConfigChanges() -> b
    void onReattachedToActivityForConfigChanges(io.flutter.embedding.engine.plugins.activity.ActivityPluginBinding) -> b
io.flutter.embedding.engine.plugins.activity.ActivityControlSurface -> io.flutter.embedding.engine.g.c.b:
    void attachToActivity(android.app.Activity,androidx.lifecycle.Lifecycle) -> a
    boolean onActivityResult(int,int,android.content.Intent) -> a
    void onNewIntent(android.content.Intent) -> a
    boolean onRequestPermissionsResult(int,java.lang.String[],int[]) -> a
    void onRestoreInstanceState(android.os.Bundle) -> a
    void onUserLeaveHint() -> a
    void detachFromActivityForConfigChanges() -> b
    void onSaveInstanceState(android.os.Bundle) -> b
    void detachFromActivity() -> c
io.flutter.embedding.engine.plugins.activity.ActivityPluginBinding -> io.flutter.embedding.engine.g.c.c: